[
  {
    "detected_technology": "Drupal",
    "category": "cms",
    "confidence": 0.9,
    "primary_evidence": [
      "Pattern meta_generator_drupal (confidence: 0.9)"
    ]
  },
  {
    "detected_technology": "Drupal",
    "category": "cms",
    "confidence": 0.95,
    "primary_evidence": [
      "meta_generator_Drupal 10 (https://www.drupal.org) (confidence: 0.95)"
    ]
  },
  {
    "detected_technology": "Drupal",
    "category": "cms",
    "confidence": 0.95,
    "primary_evidence": [
      "Pattern meta_generator_drupal (confidence: 0.95)",
      "Pattern header_x_drupal_cache (confidence: 1.0)",
      "Pattern header_x_drupal_dynamic_cache (confidence: 1.0)"
    ]
  },
  {
    "detected_technology": "Drupal",
    "category": "cms",
    "confidence": 0.95,
    "primary_evidence": [
      "Pattern meta_generator_drupal_7 (confidence: 0.95)"
    ]
  },
  {
    "detected_technology": "Drupal",
    "category": "cms",
    "confidence": 0.95,
    "primary_evidence": [
      "Pattern robots_txt (confidence: 0.95)",
      "Pattern url_pattern (confidence: 0.95)",
      "Pattern file_path (confidence: 0.95)"
    ]
  },
  {
    "detected_technology": "Drupal",
    "category": "cms",
    "confidence": 0.95,
    "primary_evidence": [
      "Pattern meta_generator_drupal (confidence: 0.95)"
    ]
  },
  {
    "detected_technology": "Drupal",
    "category": "cms",
    "confidence": 1,
    "primary_evidence": [
      "Pattern meta_generator_drupal_10 (confidence: 0.9)",
      "Pattern header_x_drupal_dynamic_cache (confidence: 1.0)",
      "Pattern header_x_generator_drupal (confidence: 0.95)"
    ]
  },
  {
    "detected_technology": "Drupal",
    "category": "cms",
    "confidence": 1,
    "primary_evidence": [
      "Pattern meta_generator_drupal (confidence: 0.85)",
      "Pattern header_x_drupal_cache (confidence: 0.95)",
      "Pattern header_x_drupal_dynamic_cache (confidence: 0.95)",
      "Pattern robots_allow_core (confidence: 0.70)",
      "Pattern robots_disallow_core (confidence: 0.70)",
      "Pattern robots_allow_profiles (confidence: 0.70)",
      "Pattern robots_disallow_profiles (confidence: 0.70)"
    ]
  },
  {
    "detected_technology": "Drupal",
    "category": "cms",
    "confidence": 1,
    "primary_evidence": [
      "Pattern header_x_generator (confidence: 1.0)",
      "Pattern header_x_drupal_cache (confidence: 1.0)",
      "Pattern header_fastly_drupal_html (confidence: 1.0)",
      "Pattern meta_generator_drupal (confidence: 1.0)"
    ]
  }
]
